# JRE version: OpenJDK Runtime Environment (8.0_152-b01) (build 1.8.0_152-release-915-b01)
# Java VM: OpenJDK 64-Bit Server VM (25.152-b01 mixed mode windows-amd64 compressed oops)
Heap:
 PSYoungGen      total 334336K, used 313347K [0x00000000e0000000, 0x00000000fa700000, 0x0000000100000000)
  eden space 235520K, 96% used [0x00000000e0000000,0x00000000edd0add8,0x00000000ee600000)
  from space 98816K, 88% used [0x00000000ee600000,0x00000000f3af61c0,0x00000000f4680000)
  to   space 95744K, 0% used [0x00000000f4980000,0x00000000f4980000,0x00000000fa700000)
 ParOldGen       total 214016K, used 109893K [0x00000000a0000000, 0x00000000ad100000, 0x00000000e0000000)
  object space 214016K, 51% used [0x00000000a0000000,0x00000000a6b51420,0x00000000ad100000)
 Metaspace       used 87761K, capacity 93320K, committed 93656K, reserved 1130496K
  class space    used 10985K, capacity 12262K, committed 12288K, reserved 1048576K
GC Heap History (10 events):
Event: 6934.632 GC heap before
{Heap before GC invocations=24 (full 3):
 PSYoungGen      total 245760K, used 228940K [0x00000000e0000000, 0x00000000f4900000, 0x0000000100000000)
  eden space 174080K, 100% used [0x00000000e0000000,0x00000000eaa00000,0x00000000eaa00000)
  from space 71680K, 76% used [0x00000000ef580000,0x00000000f2b13050,0x00000000f3b80000)
  to   space 77312K, 0% used [0x00000000eaa00000,0x00000000eaa00000,0x00000000ef580000)
 ParOldGen       total 214016K, used 90926K [0x00000000a0000000, 0x00000000ad100000, 0x00000000e0000000)
  object space 214016K, 42% used [0x00000000a0000000,0x00000000a58cbaf0,0x00000000ad100000)
 Metaspace       used 86397K, capacity 91940K, committed 92248K, reserved 1130496K
  class space    used 10880K, capacity 12150K, committed 12160K, reserved 1048576K
Event: 6934.688 GC heap after
Heap after GC invocations=24 (full 3):
 PSYoungGen      total 251392K, used 61453K [0x00000000e0000000, 0x00000000f6280000, 0x0000000100000000)
  eden space 174080K, 0% used [0x00000000e0000000,0x00000000e0000000,0x00000000eaa00000)
  from space 77312K, 79% used [0x00000000eaa00000,0x00000000ee603708,0x00000000ef580000)
  to   space 83456K, 0% used [0x00000000f1100000,0x00000000f1100000,0x00000000f6280000)
 ParOldGen       total 214016K, used 90934K [0x00000000a0000000, 0x00000000ad100000, 0x00000000e0000000)
  object space 214016K, 42% used [0x00000000a0000000,0x00000000a58cdaf0,0x00000000ad100000)
 Metaspace       used 86397K, capacity 91940K, committed 92248K, reserved 1130496K
  class space    used 10880K, capacity 12150K, committed 12160K, reserved 1048576K
}
Event: 6935.618 GC heap before
{Heap before GC invocations=25 (full 3):
 PSYoungGen      total 251392K, used 235533K [0x00000000e0000000, 0x00000000f6280000, 0x0000000100000000)
  eden space 174080K, 100% used [0x00000000e0000000,0x00000000eaa00000,0x00000000eaa00000)
  from space 77312K, 79% used [0x00000000eaa00000,0x00000000ee603708,0x00000000ef580000)
  to   space 83456K, 0% used [0x00000000f1100000,0x00000000f1100000,0x00000000f6280000)
 ParOldGen       total 214016K, used 90934K [0x00000000a0000000, 0x00000000ad100000, 0x00000000e0000000)
  object space 214016K, 42% used [0x00000000a0000000,0x00000000a58cdaf0,0x00000000ad100000)
 Metaspace       used 86682K, capacity 92196K, committed 92504K, reserved 1130496K
  class space    used 10880K, capacity 12150K, committed 12160K, reserved 1048576K
Event: 6935.710 GC heap after
Heap after GC invocations=25 (full 3):
 PSYoungGen      total 270848K, used 70100K [0x00000000e0000000, 0x00000000f8180000, 0x0000000100000000)
  eden space 187392K, 0% used [0x00000000e0000000,0x00000000e0000000,0x00000000eb700000)
  from space 83456K, 83% used [0x00000000f1100000,0x00000000f55750f8,0x00000000f6280000)
  to   space 92160K, 0% used [0x00000000eb700000,0x00000000eb700000,0x00000000f1100000)
 ParOldGen       total 214016K, used 90942K [0x00000000a0000000, 0x00000000ad100000, 0x00000000e0000000)
  object space 214016K, 42% used [0x00000000a0000000,0x00000000a58cfaf0,0x00000000ad100000)
 Metaspace       used 86682K, capacity 92196K, committed 92504K, reserved 1130496K
  class space    used 10880K, capacity 12150K, committed 12160K, reserved 1048576K
}
Event: 6936.299 GC heap before
{Heap before GC invocations=26 (full 3):
 PSYoungGen      total 270848K, used 257492K [0x00000000e0000000, 0x00000000f8180000, 0x0000000100000000)
  eden space 187392K, 100% used [0x00000000e0000000,0x00000000eb700000,0x00000000eb700000)
  from space 83456K, 83% used [0x00000000f1100000,0x00000000f55750f8,0x00000000f6280000)
  to   space 92160K, 0% used [0x00000000eb700000,0x00000000eb700000,0x00000000f1100000)
 ParOldGen       total 214016K, used 90942K [0x00000000a0000000, 0x00000000ad100000, 0x00000000e0000000)
  object space 214016K, 42% used [0x00000000a0000000,0x00000000a58cfaf0,0x00000000ad100000)
 Metaspace       used 86741K, capacity 92260K, committed 92504K, reserved 1130496K
  class space    used 10882K, capacity 12150K, committed 12160K, reserved 1048576K
Event: 6936.359 GC heap after
Heap after GC invocations=26 (full 3):
 PSYoungGen      total 279552K, used 83731K [0x00000000e0000000, 0x00000000fae80000, 0x0000000100000000)
  eden space 187392K, 0% used [0x00000000e0000000,0x00000000e0000000,0x00000000eb700000)
  from space 92160K, 90% used [0x00000000eb700000,0x00000000f08c4ec0,0x00000000f1100000)
  to   space 103424K, 0% used [0x00000000f4980000,0x00000000f4980000,0x00000000fae80000)
 ParOldGen       total 214016K, used 95711K [0x00000000a0000000, 0x00000000ad100000, 0x00000000e0000000)
  object space 214016K, 44% used [0x00000000a0000000,0x00000000a5d77ff0,0x00000000ad100000)
 Metaspace       used 86741K, capacity 92260K, committed 92504K, reserved 1130496K
  class space    used 10882K, capacity 12150K, committed 12160K, reserved 1048576K
}
Event: 6937.322 GC heap before
{Heap before GC invocations=27 (full 3):
 PSYoungGen      total 279552K, used 271123K [0x00000000e0000000, 0x00000000fae80000, 0x0000000100000000)
  eden space 187392K, 100% used [0x00000000e0000000,0x00000000eb700000,0x00000000eb700000)
  from space 92160K, 90% used [0x00000000eb700000,0x00000000f08c4ec0,0x00000000f1100000)
  to   space 103424K, 0% used [0x00000000f4980000,0x00000000f4980000,0x00000000fae80000)
 ParOldGen       total 214016K, used 95711K [0x00000000a0000000, 0x00000000ad100000, 0x00000000e0000000)
  object space 214016K, 44% used [0x00000000a0000000,0x00000000a5d77ff0,0x00000000ad100000)
 Metaspace       used 86779K, capacity 92264K, committed 92504K, reserved 1130496K
  class space    used 10882K, capacity 12150K, committed 12160K, reserved 1048576K
Event: 6937.392 GC heap after
Heap after GC invocations=27 (full 3):
 PSYoungGen      total 331264K, used 45766K [0x00000000e0000000, 0x00000000fa700000, 0x0000000100000000)
  eden space 235520K, 0% used [0x00000000e0000000,0x00000000e0000000,0x00000000ee600000)
  from space 95744K, 47% used [0x00000000f4980000,0x00000000f7631828,0x00000000fa700000)
  to   space 98816K, 0% used [0x00000000ee600000,0x00000000ee600000,0x00000000f4680000)
 ParOldGen       total 214016K, used 104316K [0x00000000a0000000, 0x00000000ad100000, 0x00000000e0000000)
  object space 214016K, 48% used [0x00000000a0000000,0x00000000a65df140,0x00000000ad100000)
 Metaspace       used 86779K, capacity 92264K, committed 92504K, reserved 1130496K
  class space    used 10882K, capacity 12150K, committed 12160K, reserved 1048576K
}
Event: 6938.997 GC heap before
{Heap before GC invocations=28 (full 3):
 PSYoungGen      total 331264K, used 281286K [0x00000000e0000000, 0x00000000fa700000, 0x0000000100000000)
  eden space 235520K, 100% used [0x00000000e0000000,0x00000000ee600000,0x00000000ee600000)
  from space 95744K, 47% used [0x00000000f4980000,0x00000000f7631828,0x00000000fa700000)
  to   space 98816K, 0% used [0x00000000ee600000,0x00000000ee600000,0x00000000f4680000)
 ParOldGen       total 214016K, used 104316K [0x00000000a0000000, 0x00000000ad100000, 0x00000000e0000000)
  object space 214016K, 48% used [0x00000000a0000000,0x00000000a65df140,0x00000000ad100000)
 Metaspace       used 87232K, capacity 92790K, committed 93144K, reserved 1130496K
  class space    used 10933K, capacity 12191K, committed 12288K, reserved 1048576K
Event: 6939.071 GC heap after
Heap after GC invocations=28 (full 3):
 PSYoungGen      total 334336K, used 87000K [0x00000000e0000000, 0x00000000fa700000, 0x0000000100000000)
  eden space 235520K, 0% used [0x00000000e0000000,0x00000000e0000000,0x00000000ee600000)
  from space 98816K, 88% used [0x00000000ee600000,0x00000000f3af61c0,0x00000000f4680000)
  to   space 95744K, 0% used [0x00000000f4980000,0x00000000f4980000,0x00000000fa700000)
 ParOldGen       total 214016K, used 109893K [0x00000000a0000000, 0x00000000ad100000, 0x00000000e0000000)
  object space 214016K, 51% used [0x00000000a0000000,0x00000000a6b51420,0x00000000ad100000)
 Metaspace       used 87232K, capacity 92790K, committed 93144K, reserved 1130496K
  class space    used 10933K, capacity 12191K, committed 12288K, reserved 1048576K
}

